[     728ms] [INFO] %cDownload the React DevTools for a better development experience: https://react.dev/link/react-devtools font-weight:bold @ http://127.0.0.1:3000/_next/static/chunks/node_modules_next_dist_compiled_react-dom_1e674e59._.js:14537
[    1049ms] [ERROR] A tree hydrated but some attributes of the server rendered HTML didn't match the client properties. This won't be patched up. This can happen if a SSR-ed Client Component used:

- A server/client branch `if (typeof window !== 'undefined')`.
- Variable input such as `Date.now()` or `Math.random()` which changes each time it's called.
- Date formatting in a user's locale which doesn't match the server.
- External changing data without sending a snapshot of it along with the HTML.
- Invalid HTML tag nesting.

It can also happen if the client has a browser extension installed which messes with the HTML before React loaded.

%s%s https://react.dev/link/hydration-mismatch 

  ...
    <header className="fixed top-...">
      <div className="mx-auto h-...">
        <div className="h-full ite...">
          <div>
          <div>
          <div className="flex justi...">
            <NavMenuMobile user={null}>
              <Sheet open={false} onOpenChange={function bound dispatchSetState}>
                <Dialog data-slot="sheet" open={false} onOpenChange={function bound dispatchSetState}>
                  <DialogProvider scope={undefined} triggerRef={{current:null}} contentRef={{current:null}} ...>
                    <SheetTrigger asChild={true}>
                      <DialogTrigger data-slot="sheet-trigger" asChild={true}>
                        <Primitive.button type="button" aria-haspopup="dialog" aria-expanded={false} ...>
                          <Primitive.button.Slot type="button" aria-haspopup="dialog" aria-expanded={false} ...>
                            <Primitive.button.SlotClone type="button" aria-haspopup="dialog" aria-expanded={false} ...>
                              <_c variant="outline" size="sm" className="md:hidden" type="button" aria-haspopup="dialog" ...>
                                <button
                                  className={"inline-flex items-center justify-center gap-2 whitespace-nowrap font-me..."}
                                  ref={function}
                                  type="button"
                                  aria-haspopup="dialog"
                                  aria-expanded={false}
+                                 aria-controls="radix-_R_3qbmml9etb_"
-                                 aria-controls="radix-_R_eqbmml9etb_"
                                  data-state="closed"
                                  data-slot="sheet-trigger"
                                  onClick={function handleEvent}
                                  disabled={undefined}
                                >
                    ...
            ...
              <DropdownMenuTrigger data-slot="dropdown-m..." asChild={true}>
                <MenuAnchor asChild={true} __scopeMenu={{Menu:[...], ...}}>
                  <PopperAnchor __scopePopper={{Menu:[...], ...}} asChild={true} ref={null}>
                    <Primitive.div asChild={true} ref={function}>
                      <Primitive.div.Slot ref={function}>
                        <Primitive.div.SlotClone ref={function}>
                          <Primitive.button type="button" id="radix-_R_d..." aria-haspopup="menu" aria-expanded={false} ...>
                            <Primitive.button.Slot type="button" id="radix-_R_d..." aria-haspopup="menu" ...>
                              <Primitive.button.SlotClone type="button" id="radix-_R_d..." aria-haspopup="menu" ...>
                                <_c variant="outline" size="sm" type="button" id="radix-_R_d..." aria-haspopup="menu" ...>
                                  <button
                                    className={"inline-flex items-center justify-center gap-2 whitespace-nowrap font-..."}
                                    ref={function}
                                    type="button"
+                                   id="radix-_R_dqbmml9etb_"
-                                   id="radix-_R_1mqbmml9etb_"
                                    aria-haspopup="menu"
                                    aria-expanded={false}
                                    aria-controls={undefined}
                                    data-state="closed"
                                    data-disabled={undefined}
                                    data-slot="dropdown-menu-trigger"
                                    onPointerDown={function handleEvent}
                                    onKeyDown={function handleEvent}
                                    disabled={undefined}
                                  >
 @ http://127.0.0.1:3000/_next/static/chunks/node_modules_next_dist_b0daae9a._.js:2359
[    1139ms] [LOG] %c[Vercel Web Analytics]%c Debug mode is enabled by default in development. No requests will be sent to the server. color: rgb(120, 120, 120) color: inherit @ https://va.vercel-scripts.com/v1/script.debug.js:0
[    1139ms] [LOG] %c[Vercel Web Analytics]%c Running queued event color: rgb(120, 120, 120) color: inherit pageview {route: /exif-viewer, path: /exif-viewer} @ https://va.vercel-scripts.com/v1/script.debug.js:0
[    1142ms] [LOG] %c[Vercel Web Analytics]%c [view] http://127.0.0.1:3000/exif-viewer color: rgb(120, 120, 120) color: inherit {o: http://127.0.0.1:3000/exif-viewer, sv: 0.1.3, sdkn: @vercel/analytics/next, sdkv: 1.6.1, ts: 1776348661547} /_vercel/insights/view @ https://va.vercel-scripts.com/v1/script.debug.js:0
